<?xml version="1.0" encoding="UTF-8"?>
<!-- Generated by org.testng.reporters.JUnitReportReporter -->
<testsuite skipped="0" hostname="DESKTOP-VPJR0NM" name="org.prasannasample.Project" tests="1" failures="0" timestamp="08 Nov 2022 13:43:54 GMT" time="0.612" errors="0">
  <testcase name="test1" time="0.612" classname="org.prasannasample.Project"/>
</testsuite> <!-- org.prasannasample.Project -->
